#-----------------------------------------------------------
# PlanAhead v14.7 (64-bit)
# Build 321239 by xbuild on Fri Sep 27 19:29:51 MDT 2013
# Start of session at: Tue Oct 01 09:54:08 2024
# Process ID: 1004
# Log file: C:/Users/caio.madeira/Desktop/ISE_DESIG_PROJ/DECODER_SAI/planAhead_run_2/planAhead.log
# Journal file: C:/Users/caio.madeira/Desktop/ISE_DESIG_PROJ/DECODER_SAI/planAhead_run_2/planAhead.jou
#-----------------------------------------------------------
INFO: [Common 17-78] Attempting to get a license: PlanAhead
INFO: [Common 17-290] Got license for PlanAhead
INFO: [Common 17-86] Your PlanAhead license expires in 30 day(s)
INFO: [Device 21-36] Loading parts and site information from C:/Xilinx/14.7/ISE_DS/PlanAhead/data/parts/arch.xml
Parsing RTL primitives file [C:/Xilinx/14.7/ISE_DS/PlanAhead/data/parts/xilinx/rtl/prims/rtl_prims.xml]
Finished parsing RTL primitives file [C:/Xilinx/14.7/ISE_DS/PlanAhead/data/parts/xilinx/rtl/prims/rtl_prims.xml]
start_gui
INFO: [Common 17-81] Feature available: PartialReconfiguration
source C:/Users/caio.madeira/Desktop/ISE_DESIG_PROJ/DECODER_SAI/pa.fromNetlist.tcl
# create_project -name DECODER_SAI -dir "C:/Users/caio.madeira/Desktop/ISE_DESIG_PROJ/DECODER_SAI/planAhead_run_3" -part xc3s100ecp132-5
create_project: Time (s): elapsed = 00:00:07 . Memory (MB): peak = 406.434 ; gain = 68.035
# set_property design_mode GateLvl [get_property srcset [current_run -impl]]
INFO: [Common 17-41] Interrupt caught. Command should exit soon.
INFO: [Common 17-344] 'current_run' was cancelled
INFO: [Common 17-344] 'source' was cancelled
exit
ERROR: [PlanAhead 12-106] *** Exception: ui.h.b: Found deleted key in HTclEventBroker. Verify if the classes listed here call cleanup()
HTclEvent: DEBUG_CORE_CONFIG_CHANGE   Classes: ui.views.aR 
HTclEvent: DEBUG_PORT_CONFIG_CHANGE   Classes: ui.views.aR 
HTclEvent: SIGNAL_MODIFY   Classes: ui.views.aR 
HTclEvent: SIGNAL_BUS_MODIFY   Classes: ui.views.aR 
 (See C:/Users/caio.madeira/Desktop/ISE_DESIG_PROJ/DECODER_SAI\planAhead_pid1004.debug)
ERROR: [Common 17-39] 'stop_gui' failed due to earlier errors.
INFO: [Common 17-206] Exiting PlanAhead at Tue Oct 01 09:54:42 2024...
INFO: [Common 17-83] Releasing license: PlanAhead
