
****** PlanAhead v14.7 (64-bit)
  **** Build 321239 by xbuild on Fri Sep 27 19:29:51 MDT 2013
    ** Copyright 1986-1999, 2001-2013 Xilinx, Inc. All Rights Reserved.

INFO: [Common 17-78] Attempting to get a license: PlanAhead
INFO: [Common 17-290] Got license for PlanAhead
INFO: [Common 17-86] Your PlanAhead license expires in 30 day(s)
INFO: [Device 21-36] Loading parts and site information from C:/Xilinx/14.7/ISE_DS/PlanAhead/data/parts/arch.xml
Parsing RTL primitives file [C:/Xilinx/14.7/ISE_DS/PlanAhead/data/parts/xilinx/rtl/prims/rtl_prims.xml]
Finished parsing RTL primitives file [C:/Xilinx/14.7/ISE_DS/PlanAhead/data/parts/xilinx/rtl/prims/rtl_prims.xml]
start_gui
INFO: [Common 17-81] Feature available: PartialReconfiguration
Failed to create the layout directory: 'C:\Users\caio.madeira\AppData\Roaming/Xilinx/PlanAhead\14.7\layouts\application'
source C:/Users/caio.madeira/Desktop/ISE_DESIG_PROJ/DECODER_SAI/pa.fromNetlist.tcl
# create_project -name DECODER_SAI -dir "C:/Users/caio.madeira/Desktop/ISE_DESIG_PROJ/DECODER_SAI/planAhead_run_3" -part xc3s100ecp132-5
create_project: Time (s): elapsed = 00:00:08 . Memory (MB): peak = 422.301 ; gain = 78.602
# set_property design_mode GateLvl [get_property srcset [current_run -impl]]
# set_property edif_top_file "C:/Users/caio.madeira/Desktop/ISE_DESIG_PROJ/DECODER_SAI/decoder_sai.ngc" [ get_property srcset [ current_run ] ]
# add_files -norecurse { {C:/Users/caio.madeira/Desktop/ISE_DESIG_PROJ/DECODER_SAI} }
# set_param project.pinAheadLayout  yes
# set_property target_constrs_file "decoder_sai.ucf" [current_fileset -constrset]
Adding file 'C:/Users/caio.madeira/Desktop/ISE_DESIG_PROJ/DECODER_SAI/decoder_sai.ucf' to fileset 'constrs_1'
# add_files [list {decoder_sai.ucf}] -fileset [get_property constrset [current_run]]
# link_design
Design is defaulting to srcset: sources_1
Design is defaulting to constrset: constrs_1
Design is defaulting to project part: xc3s100ecp132-5
Release 14.7 - ngc2edif P.20131013 (nt64)
Copyright (c) 1995-2013 Xilinx, Inc.  All rights reserved.
Reading design decoder_sai.ngc ...
WARNING:NetListWriters:298 - No output is written to decoder_sai.xncf, ignored.
Processing design ...
   Preping design's networks ...
   Preping design's macros ...
  finished :Prep
Writing EDIF netlist file decoder_sai.edif ...
ngc2edif: Total memory usage is 4333604 kilobytes

Parsing EDIF File [./planAhead_run_3/DECODER_SAI.data/cache/decoder_sai_ngc_zx.edif]
Finished Parsing EDIF File [./planAhead_run_3/DECODER_SAI.data/cache/decoder_sai_ngc_zx.edif]
INFO: [Designutils 20-910] Reading macro library C:/Xilinx/14.7/ISE_DS/PlanAhead/data\./parts/xilinx/spartan3e/spartan3e/hd_int_macros.edn
Parsing EDIF File [C:/Xilinx/14.7/ISE_DS/PlanAhead/data\./parts/xilinx/spartan3e/spartan3e/hd_int_macros.edn]
Finished Parsing EDIF File [C:/Xilinx/14.7/ISE_DS/PlanAhead/data\./parts/xilinx/spartan3e/spartan3e/hd_int_macros.edn]
Loading clock regions from C:/Xilinx/14.7/ISE_DS/PlanAhead/data\parts/xilinx/spartan3e/spartan3e/xc3s100e/ClockRegion.xml
Loading clock buffers from C:/Xilinx/14.7/ISE_DS/PlanAhead/data\parts/xilinx/spartan3e/spartan3e/xc3s100e/ClockBuffers.xml
Loading package from C:/Xilinx/14.7/ISE_DS/PlanAhead/data\parts/xilinx/spartan3e/spartan3e/xc3s100e/cp132/Package.xml
Loading io standards from C:/Xilinx/14.7/ISE_DS/PlanAhead/data\./parts/xilinx/spartan3e/IOStandards.xml
INFO: [Device 21-19] Loading pkg sso from C:/Xilinx/14.7/ISE_DS/PlanAhead/data\parts/xilinx/spartan3e/spartan3e/xc3s100e/cp132/SSORules.xml
Loading list of drcs for the architecture : C:/Xilinx/14.7/ISE_DS/PlanAhead/data\./parts/xilinx/spartan3e/spartan3e/drc.xml
INFO: [Timing 38-77] Reading timing library C:/Xilinx/14.7/ISE_DS/PlanAhead/data\parts/xilinx/spartan3e/spartan3e/spartan3e-5.lib.
INFO: [Timing 38-34] Done reading timing library C:/Xilinx/14.7/ISE_DS/PlanAhead/data\parts/xilinx/spartan3e/spartan3e/spartan3e-5.lib.
Parsing UCF File [C:/Users/caio.madeira/Desktop/ISE_DESIG_PROJ/DECODER_SAI/decoder_sai.ucf]
Finished Parsing UCF File [C:/Users/caio.madeira/Desktop/ISE_DESIG_PROJ/DECODER_SAI/decoder_sai.ucf]
INFO: [Project 1-111] Unisim Transformation Summary:
No Unisim elements were transformed.

Phase 0 | Netlist Checksum: 0e1966da
link_design: Time (s): elapsed = 00:00:19 . Memory (MB): peak = 543.945 ; gain = 120.598
set_property prohibit 1 [get_sites N13]
set_property prohibit 0 [get_sites N13]
startgroup
set_property package_pin L3 [get_ports {entrada[1]}]
endgroup
startgroup
set_property package_pin P11 [get_ports {entrada[0]}]
endgroup
set_property is_loc_fixed false [get_ports [list  {entrada[0]}]]
set_property is_loc_fixed true [get_ports [list  {entrada[0]}]]
startgroup
set_property package_pin L14 [get_ports {display[6]}]
endgroup
set_property is_loc_fixed false [get_ports [list  {display[6]}]]
startgroup
set_property package_pin H12 [get_ports {display[5]}]
endgroup
startgroup
set_property package_pin N14 [get_ports {display[4]}]
endgroup
startgroup
set_property package_pin N11 [get_ports {display[3]}]
endgroup
startgroup
set_property package_pin P12 [get_ports {display[2]}]
endgroup
startgroup
set_property package_pin L13 [get_ports {display[1]}]
endgroup
startgroup
set_property package_pin M12 [get_ports {display[0]}]
endgroup
save_constraints
set_property is_loc_fixed true [get_ports [list  {display[6]}]]
save_constraints
exit
ERROR: [Common 17-39] 'stop_gui' failed due to earlier errors.
INFO: [Common 17-206] Exiting PlanAhead at Tue Oct 01 10:08:18 2024...
INFO: [Common 17-83] Releasing license: PlanAhead
